This is pdfTeX, Version 3.141592653-2.6-1.40.22 (MiKTeX 21.6) (preloaded format=pdflatex 2023.7.30)  9 DEC 2023 23:08
entering extended mode
**"c:/Users/natha/Programming/Sales Project/sections/initiating/initiating.tex"

(c:/Users/natha/Programming/Sales Project/sections/initiating/initiating.tex
LaTeX2e <2021-06-01>
L3 programming layer <2021-06-01>
! Undefined control sequence.
l.1 \section
            {Initiating}
? 
! Emergency stop.
l.1 \section
            {Initiating}
End of file on the terminal!

 
Here is how much of TeX's memory you used:
 19 strings out of 478863
 602 string characters out of 2848638
 292975 words of memory out of 3000000
 18043 multiletter control sequences out of 15000+600000
 403430 words of font info for 27 fonts, out of 8000000 for 9000
 1141 hyphenation exceptions out of 8191
 13i,0n,12p,129b,10s stack positions out of 5000i,500n,10000p,200000b,80000s
!  ==> Fatal error occurred, no output PDF file produced!
